
> web@0.1.0 build C:\Users\hbell\Work files\DailySchedular\apps\web
> next build

⚠ Warning: Next.js inferred your workspace root, but it may not be correct.
 We detected multiple lockfiles and selected the directory of C:\Users\hbell\Work files\DailySchedular\pnpm-lock.yaml as the root directory.
 To silence this warning, set `turbopack.root` in your Next.js config, or consider removing one of the lockfiles if it's not needed.
   See https://nextjs.org/docs/app/api-reference/config/next-config-js/turbopack#root-directory for more information.
 Detected additional lockfiles: 
   * C:\Users\hbell\Work files\DailySchedular\apps\web\pnpm-lock.yaml

▲ Next.js 16.1.6 (Turbopack)

  Creating an optimized production build ...
✓ Compiled successfully in 7.5s
  Running TypeScript ...
  Collecting page data using 15 workers ...
  Generating static pages using 15 workers (0/12) ...
  Generating static pages using 15 workers (3/12) 
  Generating static pages using 15 workers (6/12) 
  Generating static pages using 15 workers (9/12) 
✓ Generating static pages using 15 workers (12/12) in 1068.2ms
  Finalizing page optimization ...

Route (app)
┌ ○ /
├ ○ /_not-found
├ ○ /history
├ ƒ /now
├ ○ /plan
├ ƒ /report
├ ○ /scorecard
├ ○ /settings
├ ○ /settings/templates
├ ○ /tasks
└ ○ /weekly


○  (Static)   prerendered as static content
ƒ  (Dynamic)  server-rendered on demand

